<?xml version="1.0" encoding="UTF-8"?>
<!-- Generated by org.testng.reporters.JUnitReportReporter -->
<testsuite hostname="DESKTOP-RT1RM8J" failures="0" tests="1" name="com.learnautomation.testcases.ReportGenerate" time="2.286" errors="0" timestamp="2023-09-05T20:53:03 IST" skipped="0">
  <testcase classname="com.learnautomation.testcases.ReportGenerate" name="test1" time="2.286"/>
  <system-out/>
</testsuite> <!-- com.learnautomation.testcases.ReportGenerate -->
