<?xml version="1.0" encoding="UTF-8"?>
<!-- Generated by org.testng.reporters.JUnitReportReporter -->
<testsuite hostname="DESKTOP-RT1RM8J" failures="0" tests="1" name="com.learnautomation.testcases.LoginTest" time="5.639" errors="0" timestamp="2023-09-06T21:05:04 IST" skipped="0">
  <testcase classname="com.learnautomation.testcases.LoginTest" name="loginWithValidCredentials" time="5.639"/>
  <system-out/>
</testsuite> <!-- com.learnautomation.testcases.LoginTest -->
